[2017-12-05 04:06:16] Espo.ERROR: E_RECOVERABLE_ERROR: Object of class Espo\Entities\Integration could not be converted to string {"code":4096,"message":"Object of class Espo\\Entities\\Integration could not be converted to string","file":"/usr/ictcore/wwwroot/espocrm4/application/Espo/Modules/ICTExtention/Controllers/ICTExtention.php","line":241,"context":{"params":{"where":null,"offset":"0","maxSize":"20","asc":false,"sortBy":"createdAt","q":null,"textFilter":null},"data":"","request":"[object] (Slim\\Http\\Request: {\"headers\":{},\"cookies\":{}})","where":null,"offset":"0","maxSize":"20","asc":false,"sortBy":"createdAt","q":null,"textFilter":null,"result":{"total":0,"collection":[]},"entityManager":"[object] (Espo\\Core\\ORM\\EntityManager: {})","account":"[object] (Espo\\Entities\\Integration: {\"id\":\"IctBroadcastconfig\",\"fields\":{\"id\":{\"dbType\":\"varchar\",\"len\":24,\"type\":\"id\"},\"name\":{\"type\":\"varchar\",\"notStorable\":true},\"deleted\":{\"type\":\"bool\",\"default\":false},\"data\":{\"type\":\"jsonObject\"},\"enabled\":{\"type\":\"bool\",\"notNull\":true,\"default\":false}},\"relations\":[]})"}} []
[2017-12-05 04:06:16] Espo.ERROR: Uncaught Exception Error: "Cannot access empty property" at /usr/ictcore/wwwroot/espocrm4/application/Espo/Modules/ICTExtention/Controllers/ICTExtention.php line 241 {"exception":"[object] (Error(code: 0): Cannot access empty property at /usr/ictcore/wwwroot/espocrm4/application/Espo/Modules/ICTExtention/Controllers/ICTExtention.php:241)"} []
[2017-12-05 04:06:29] Espo.ERROR: E_RECOVERABLE_ERROR: Object of class Espo\Entities\Integration could not be converted to string {"code":4096,"message":"Object of class Espo\\Entities\\Integration could not be converted to string","file":"/usr/ictcore/wwwroot/espocrm4/application/Espo/Modules/ICTExtention/Controllers/ICTExtention.php","line":241,"context":{"params":{"where":null,"offset":"0","maxSize":"20","asc":false,"sortBy":"createdAt","q":null,"textFilter":null},"data":"","request":"[object] (Slim\\Http\\Request: {\"headers\":{},\"cookies\":{}})","where":null,"offset":"0","maxSize":"20","asc":false,"sortBy":"createdAt","q":null,"textFilter":null,"result":{"total":0,"collection":[]},"entityManager":"[object] (Espo\\Core\\ORM\\EntityManager: {})","account":"[object] (Espo\\Entities\\Integration: {\"id\":\"IctBroadcastconfig\",\"fields\":{\"id\":{\"dbType\":\"varchar\",\"len\":24,\"type\":\"id\"},\"name\":{\"type\":\"varchar\",\"notStorable\":true},\"deleted\":{\"type\":\"bool\",\"default\":false},\"data\":{\"type\":\"jsonObject\"},\"enabled\":{\"type\":\"bool\",\"notNull\":true,\"default\":false}},\"relations\":[]})"}} []
[2017-12-05 04:06:29] Espo.ERROR: Uncaught Exception Error: "Cannot access empty property" at /usr/ictcore/wwwroot/espocrm4/application/Espo/Modules/ICTExtention/Controllers/ICTExtention.php line 241 {"exception":"[object] (Error(code: 0): Cannot access empty property at /usr/ictcore/wwwroot/espocrm4/application/Espo/Modules/ICTExtention/Controllers/ICTExtention.php:241)"} []
[2017-12-05 04:09:02] Espo.ERROR: E_RECOVERABLE_ERROR: Object of class Espo\Entities\Integration could not be converted to string {"code":4096,"message":"Object of class Espo\\Entities\\Integration could not be converted to string","file":"/usr/ictcore/wwwroot/espocrm4/application/Espo/Modules/ICTExtention/Controllers/ICTExtention.php","line":241,"context":{"params":{"where":null,"offset":"0","maxSize":"20","asc":false,"sortBy":"createdAt","q":null,"textFilter":null},"data":"","request":"[object] (Slim\\Http\\Request: {\"headers\":{},\"cookies\":{}})","where":null,"offset":"0","maxSize":"20","asc":false,"sortBy":"createdAt","q":null,"textFilter":null,"result":{"total":0,"collection":[]},"entityManager":"[object] (Espo\\Core\\ORM\\EntityManager: {})","account":"[object] (Espo\\Entities\\Integration: {\"id\":\"IctBroadcastconfig\",\"fields\":{\"id\":{\"dbType\":\"varchar\",\"len\":24,\"type\":\"id\"},\"name\":{\"type\":\"varchar\",\"notStorable\":true},\"deleted\":{\"type\":\"bool\",\"default\":false},\"data\":{\"type\":\"jsonObject\"},\"enabled\":{\"type\":\"bool\",\"notNull\":true,\"default\":false}},\"relations\":[]})"}} []
[2017-12-05 04:09:02] Espo.ERROR: Uncaught Exception Error: "Cannot access empty property" at /usr/ictcore/wwwroot/espocrm4/application/Espo/Modules/ICTExtention/Controllers/ICTExtention.php line 241 {"exception":"[object] (Error(code: 0): Cannot access empty property at /usr/ictcore/wwwroot/espocrm4/application/Espo/Modules/ICTExtention/Controllers/ICTExtention.php:241)"} []
[2017-12-05 04:14:29] Espo.ERROR: Json::decode():Syntax error [] []
[2017-12-05 04:14:29] Espo.EMERGENCY: Syntax error in application/Espo/Modules/ICTExtention/Resources/i18n/en_US/Global.json [] []
[2017-12-05 04:14:29] Espo.ERROR: Json::decode():Syntax error [] []
[2017-12-05 04:14:29] Espo.EMERGENCY: Syntax error in application/Espo/Modules/ICTExtention/Resources/i18n/en_US/ICTExtention.json [] []
[2017-12-05 04:19:06] Espo.ERROR: Json::decode():Syntax error [] []
[2017-12-05 04:19:06] Espo.EMERGENCY: Syntax error in application/Espo/Modules/ICTExtention/Resources/i18n/en_US/Global.json [] []
[2017-12-05 04:19:06] Espo.ERROR: Json::decode():Syntax error [] []
[2017-12-05 04:19:06] Espo.EMERGENCY: Syntax error in application/Espo/Modules/ICTExtention/Resources/i18n/en_US/ICTExtention.json [] []
[2017-12-05 04:31:37] Espo.ERROR: Json::decode():Syntax error [] []
[2017-12-05 04:31:37] Espo.EMERGENCY: Syntax error in application/Espo/Modules/ICTExtention/Resources/i18n/en_US/Global.json [] []
[2017-12-05 04:31:37] Espo.ERROR: Json::decode():Syntax error [] []
[2017-12-05 04:31:37] Espo.EMERGENCY: Syntax error in application/Espo/Modules/ICTExtention/Resources/i18n/en_US/ICTExtention.json [] []
[2017-12-05 04:32:08] Espo.ERROR: Json::decode():Syntax error [] []
[2017-12-05 04:32:08] Espo.EMERGENCY: Syntax error in application/Espo/Modules/ICTExtention/Resources/i18n/en_US/Global.json [] []
[2017-12-05 04:32:08] Espo.ERROR: Json::decode():Syntax error [] []
[2017-12-05 04:32:08] Espo.EMERGENCY: Syntax error in application/Espo/Modules/ICTExtention/Resources/i18n/en_US/ICTExtention.json [] []
[2017-12-05 04:36:36] Espo.ERROR: Uncaught Exception Error: "Cannot use object of type stdClass as array" at /usr/ictcore/wwwroot/espocrm4/application/Espo/Modules/ICTExtention/Controllers/ICTExtention.php line 78 {"exception":"[object] (Error(code: 0): Cannot use object of type stdClass as array at /usr/ictcore/wwwroot/espocrm4/application/Espo/Modules/ICTExtention/Controllers/ICTExtention.php:78)"} []
[2017-12-05 04:39:29] Espo.ERROR: Json::decode():Syntax error [] []
[2017-12-05 04:39:29] Espo.EMERGENCY: Syntax error in application/Espo/Modules/ICTExtention/Resources/i18n/en_US/Global.json [] []
[2017-12-05 04:39:29] Espo.ERROR: Json::decode():Syntax error [] []
[2017-12-05 04:39:29] Espo.EMERGENCY: Syntax error in application/Espo/Modules/ICTExtention/Resources/i18n/en_US/ICTExtention.json [] []
[2017-12-05 04:40:04] Espo.ERROR: Uncaught Exception Error: "Cannot use object of type stdClass as array" at /usr/ictcore/wwwroot/espocrm4/application/Espo/Modules/ICTExtention/Controllers/ICTExtention.php line 78 {"exception":"[object] (Error(code: 0): Cannot use object of type stdClass as array at /usr/ictcore/wwwroot/espocrm4/application/Espo/Modules/ICTExtention/Controllers/ICTExtention.php:78)"} []
[2017-12-05 06:01:27] Espo.WARNING: E_WARNING: Invalid argument supplied for foreach() {"code":2,"message":"Invalid argument supplied for foreach()","file":"/usr/ictcore/wwwroot/espocrm4/application/Espo/Modules/ICTExtention/Controllers/ICTExtention.php","line":252,"context":{"params":{"where":null,"offset":"0","maxSize":"20","asc":false,"sortBy":"createdAt","q":null,"textFilter":null},"data":"","request":"[object] (Slim\\Http\\Request: {\"headers\":{},\"cookies\":{}})","where":null,"offset":"0","maxSize":"20","asc":false,"sortBy":"createdAt","q":null,"textFilter":null,"result":null,"arguments":[],"i":0}} []
[2017-12-05 06:02:31] Espo.WARNING: E_WARNING: Invalid argument supplied for foreach() {"code":2,"message":"Invalid argument supplied for foreach()","file":"/usr/ictcore/wwwroot/espocrm4/application/Espo/Modules/ICTExtention/Controllers/ICTExtention.php","line":252,"context":{"params":{"where":null,"offset":"0","maxSize":"20","asc":false,"sortBy":"createdAt","q":null,"textFilter":null},"data":"","request":"[object] (Slim\\Http\\Request: {\"headers\":{},\"cookies\":{}})","where":null,"offset":"0","maxSize":"20","asc":false,"sortBy":"createdAt","q":null,"textFilter":null,"result":null,"arguments":[],"i":0}} []
[2017-12-05 06:07:26] Espo.ERROR: Json::decode():Syntax error [] []
[2017-12-05 06:07:26] Espo.EMERGENCY: Syntax error in application/Espo/Modules/ICTExtention/Resources/i18n/en_US/Global.json [] []
[2017-12-05 06:07:26] Espo.ERROR: Json::decode():Syntax error [] []
[2017-12-05 06:07:26] Espo.EMERGENCY: Syntax error in application/Espo/Modules/ICTExtention/Resources/i18n/en_US/ICTExtention.json [] []
[2017-12-05 06:07:30] Espo.WARNING: E_WARNING: Invalid argument supplied for foreach() {"code":2,"message":"Invalid argument supplied for foreach()","file":"/usr/ictcore/wwwroot/espocrm4/application/Espo/Modules/ICTExtention/Controllers/ICTExtention.php","line":252,"context":{"params":{"where":null,"offset":"0","maxSize":"20","asc":false,"sortBy":"createdAt","q":null,"textFilter":null},"data":"","request":"[object] (Slim\\Http\\Request: {\"headers\":{},\"cookies\":{}})","where":null,"offset":"0","maxSize":"20","asc":false,"sortBy":"createdAt","q":null,"textFilter":null,"result":null,"arguments":[],"i":0}} []
[2017-12-05 06:12:18] Espo.ERROR: Json::decode():Syntax error [] []
[2017-12-05 06:12:18] Espo.EMERGENCY: Syntax error in application/Espo/Modules/ICTExtention/Resources/i18n/en_US/Global.json [] []
[2017-12-05 06:12:18] Espo.ERROR: Json::decode():Syntax error [] []
[2017-12-05 06:12:18] Espo.EMERGENCY: Syntax error in application/Espo/Modules/ICTExtention/Resources/i18n/en_US/ICTExtention.json [] []
[2017-12-05 06:12:19] Espo.WARNING: E_WARNING: Invalid argument supplied for foreach() {"code":2,"message":"Invalid argument supplied for foreach()","file":"/usr/ictcore/wwwroot/espocrm4/application/Espo/Modules/ICTExtention/Controllers/ICTExtention.php","line":252,"context":{"params":{"where":null,"offset":"0","maxSize":"20","asc":false,"sortBy":"createdAt","q":null,"textFilter":null},"data":"","request":"[object] (Slim\\Http\\Request: {\"headers\":{},\"cookies\":{}})","where":null,"offset":"0","maxSize":"20","asc":false,"sortBy":"createdAt","q":null,"textFilter":null,"result":null,"arguments":[],"i":0}} []
[2017-12-05 06:16:03] Espo.WARNING: E_WARNING: Invalid argument supplied for foreach() {"code":2,"message":"Invalid argument supplied for foreach()","file":"/usr/ictcore/wwwroot/espocrm4/application/Espo/Modules/ICTExtention/Controllers/ICTExtention.php","line":252,"context":{"params":{"where":null,"offset":"0","maxSize":"20","asc":false,"sortBy":"createdAt","q":null,"textFilter":null},"data":"","request":"[object] (Slim\\Http\\Request: {\"headers\":{},\"cookies\":{}})","where":null,"offset":"0","maxSize":"20","asc":false,"sortBy":"createdAt","q":null,"textFilter":null,"result":null,"arguments":[],"i":0}} []
[2017-12-05 06:30:22] Espo.ERROR: Json::decode():Syntax error [] []
[2017-12-05 06:30:22] Espo.EMERGENCY: Syntax error in application/Espo/Modules/ICTExtention/Resources/i18n/en_US/Global.json [] []
[2017-12-05 06:30:22] Espo.ERROR: Json::decode():Syntax error [] []
[2017-12-05 06:30:22] Espo.EMERGENCY: Syntax error in application/Espo/Modules/ICTExtention/Resources/i18n/en_US/ICTExtention.json [] []
[2017-12-05 06:32:27] Espo.ERROR: Json::decode():Syntax error [] []
[2017-12-05 06:32:27] Espo.EMERGENCY: Syntax error in application/Espo/Modules/ICTExtention/Resources/i18n/en_US/Global.json [] []
[2017-12-05 06:32:27] Espo.ERROR: Json::decode():Syntax error [] []
[2017-12-05 06:32:27] Espo.EMERGENCY: Syntax error in application/Espo/Modules/ICTExtention/Resources/i18n/en_US/ICTExtention.json [] []
[2017-12-05 06:33:20] Espo.ERROR: Json::decode():Syntax error [] []
[2017-12-05 06:33:20] Espo.EMERGENCY: Syntax error in application/Espo/Modules/ICTExtention/Resources/i18n/en_US/Global.json [] []
[2017-12-05 06:33:20] Espo.ERROR: Json::decode():Syntax error [] []
[2017-12-05 06:33:20] Espo.EMERGENCY: Syntax error in application/Espo/Modules/ICTExtention/Resources/i18n/en_US/ICTExtention.json [] []
[2017-12-05 06:35:13] Espo.ERROR: Json::decode():Syntax error [] []
[2017-12-05 06:35:13] Espo.EMERGENCY: Syntax error in application/Espo/Modules/ICTExtention/Resources/i18n/en_US/Global.json [] []
[2017-12-05 06:35:13] Espo.ERROR: Json::decode():Syntax error [] []
[2017-12-05 06:35:13] Espo.EMERGENCY: Syntax error in application/Espo/Modules/ICTExtention/Resources/i18n/en_US/ICTExtention.json [] []
[2017-12-05 06:35:53] Espo.ERROR: Json::decode():Syntax error [] []
[2017-12-05 06:35:53] Espo.EMERGENCY: Syntax error in application/Espo/Modules/ICTExtention/Resources/i18n/en_US/Global.json [] []
[2017-12-05 06:35:53] Espo.ERROR: Json::decode():Syntax error [] []
[2017-12-05 06:35:53] Espo.EMERGENCY: Syntax error in application/Espo/Modules/ICTExtention/Resources/i18n/en_US/ICTExtention.json [] []
[2017-12-05 06:37:05] Espo.ERROR: Json::decode():Syntax error [] []
[2017-12-05 06:37:05] Espo.EMERGENCY: Syntax error in application/Espo/Modules/ICTExtention/Resources/i18n/en_US/Global.json [] []
[2017-12-05 06:37:05] Espo.ERROR: Json::decode():Syntax error [] []
[2017-12-05 06:37:05] Espo.EMERGENCY: Syntax error in application/Espo/Modules/ICTExtention/Resources/i18n/en_US/ICTExtention.json [] []
[2017-12-05 06:37:32] Espo.ERROR: Json::decode():Syntax error [] []
[2017-12-05 06:37:32] Espo.EMERGENCY: Syntax error in application/Espo/Modules/ICTExtention/Resources/i18n/en_US/Global.json [] []
[2017-12-05 06:37:32] Espo.ERROR: Json::decode():Syntax error [] []
[2017-12-05 06:37:32] Espo.EMERGENCY: Syntax error in application/Espo/Modules/ICTExtention/Resources/i18n/en_US/ICTExtention.json [] []
[2017-12-05 06:43:04] Espo.ERROR: Json::decode():Syntax error [] []
[2017-12-05 06:43:04] Espo.EMERGENCY: Syntax error in application/Espo/Modules/ICTExtention/Resources/i18n/en_US/Global.json [] []
[2017-12-05 06:43:04] Espo.ERROR: Json::decode():Syntax error [] []
[2017-12-05 06:43:04] Espo.EMERGENCY: Syntax error in application/Espo/Modules/ICTExtention/Resources/i18n/en_US/ICTExtention.json [] []
[2017-12-05 06:43:41] Espo.ERROR: Json::decode():Syntax error [] []
[2017-12-05 06:43:41] Espo.EMERGENCY: Syntax error in application/Espo/Modules/ICTExtention/Resources/i18n/en_US/Global.json [] []
[2017-12-05 06:43:41] Espo.ERROR: Json::decode():Syntax error [] []
[2017-12-05 06:43:41] Espo.EMERGENCY: Syntax error in application/Espo/Modules/ICTExtention/Resources/i18n/en_US/ICTExtention.json [] []
[2017-12-05 07:39:49] Espo.WARNING: E_WARNING: Invalid argument supplied for foreach() {"code":2,"message":"Invalid argument supplied for foreach()","file":"/usr/ictcore/wwwroot/espocrm4/application/Espo/Core/Application.php","line":256,"context":{"crudList":["get","post","put","patch","delete"]}} []
[2017-12-05 07:40:27] Espo.ERROR: Json::decode():Syntax error [] []
[2017-12-05 07:40:27] Espo.EMERGENCY: Syntax error in application/Espo/Modules/ICTExtention/Resources/i18n/en_US/Global.json [] []
[2017-12-05 07:40:27] Espo.ERROR: Json::decode():Syntax error [] []
[2017-12-05 07:40:27] Espo.EMERGENCY: Syntax error in application/Espo/Modules/ICTExtention/Resources/i18n/en_US/ICTExtention.json [] []
[2017-12-05 07:40:44] Espo.ERROR: Json::decode():Syntax error [] []
[2017-12-05 07:40:44] Espo.EMERGENCY: Syntax error in application/Espo/Modules/ICTExtention/Resources/i18n/en_US/Global.json [] []
[2017-12-05 07:40:44] Espo.ERROR: Json::decode():Syntax error [] []
[2017-12-05 07:40:44] Espo.EMERGENCY: Syntax error in application/Espo/Modules/ICTExtention/Resources/i18n/en_US/ICTExtention.json [] []
[2017-12-05 07:41:40] Espo.ERROR: API [GET]:/:controller, Params:Array (     [controller] => ICTExtention ) , InputData:  - SQLSTATE[42S22]: Column not found: 1054 Unknown column 'i_c_t_extention.type' in 'field list' [] []
[2017-12-05 07:41:40] Espo.ERROR: Display Error: SQLSTATE[42S22]: Column not found: 1054 Unknown column 'i_c_t_extention.type' in 'field list', Code: 42S22 URL: /espocrm4/api/v1/ICTExtention?maxSize=20&offset=0&sortBy=createdAt&asc=false [] []
[2017-12-05 07:43:18] Espo.ERROR: API [GET]:/:controller, Params:Array (     [controller] => ICTExtention ) , InputData:  - SQLSTATE[42S22]: Column not found: 1054 Unknown column 'i_c_t_extention.type' in 'field list' [] []
[2017-12-05 07:43:18] Espo.ERROR: Display Error: SQLSTATE[42S22]: Column not found: 1054 Unknown column 'i_c_t_extention.type' in 'field list', Code: 42S22 URL: /espocrm4/api/v1/ICTExtention?maxSize=20&offset=0&sortBy=createdAt&asc=false [] []
[2017-12-05 07:47:57] Espo.ERROR: Json::decode():Syntax error [] []
[2017-12-05 07:47:57] Espo.EMERGENCY: Syntax error in application/Espo/Modules/ICTExtention/Resources/i18n/en_US/Global.json [] []
[2017-12-05 07:47:57] Espo.ERROR: Json::decode():Syntax error [] []
[2017-12-05 07:47:57] Espo.EMERGENCY: Syntax error in application/Espo/Modules/ICTExtention/Resources/i18n/en_US/ICTExtention.json [] []
[2017-12-05 07:56:04] Espo.ERROR: Json::decode():Syntax error [] []
[2017-12-05 07:56:04] Espo.EMERGENCY: Syntax error in application/Espo/Modules/ICTExtention/Resources/i18n/en_US/Global.json [] []
[2017-12-05 07:56:04] Espo.ERROR: Json::decode():Syntax error [] []
[2017-12-05 07:56:04] Espo.EMERGENCY: Syntax error in application/Espo/Modules/ICTExtention/Resources/i18n/en_US/ICTExtention.json [] []
[2017-12-05 07:56:04] Espo.ERROR: Uncaught Exception Error: "Class 'Espo\Modules\ICTExtention\Controllers\Error' not found" at /usr/ictcore/wwwroot/espocrm4/application/Espo/Modules/ICTExtention/Controllers/ICTExtention.php line 323 {"exception":"[object] (Error(code: 0): Class 'Espo\\Modules\\ICTExtention\\Controllers\\Error' not found at /usr/ictcore/wwwroot/espocrm4/application/Espo/Modules/ICTExtention/Controllers/ICTExtention.php:323)"} []
[2017-12-05 07:56:26] Espo.ERROR: Json::decode():Syntax error [] []
[2017-12-05 07:56:26] Espo.EMERGENCY: Syntax error in application/Espo/Modules/ICTExtention/Resources/i18n/en_US/Global.json [] []
[2017-12-05 07:56:26] Espo.ERROR: Json::decode():Syntax error [] []
[2017-12-05 07:56:26] Espo.EMERGENCY: Syntax error in application/Espo/Modules/ICTExtention/Resources/i18n/en_US/ICTExtention.json [] []
[2017-12-05 07:57:10] Espo.ERROR: Json::decode():Syntax error [] []
[2017-12-05 07:57:10] Espo.EMERGENCY: Syntax error in application/Espo/Modules/ICTExtention/Resources/i18n/en_US/Global.json [] []
[2017-12-05 07:57:10] Espo.ERROR: Json::decode():Syntax error [] []
[2017-12-05 07:57:10] Espo.EMERGENCY: Syntax error in application/Espo/Modules/ICTExtention/Resources/i18n/en_US/ICTExtention.json [] []
[2017-12-05 08:41:16] Espo.ERROR: API [GET]:/:controller/:id, Params:Array (     [controller] => ICTExtention     [id] => 63 ) , InputData:  -  [] []
[2017-12-05 08:41:16] Espo.ERROR: Display Error: , Code: 404 URL: /espocrm4/api/v1/ICTExtention/63 [] []
[2017-12-05 08:41:22] Espo.ERROR: API [GET]:/:controller/:id, Params:Array (     [controller] => ICTExtention     [id] => 57 ) , InputData:  -  [] []
[2017-12-05 08:41:22] Espo.ERROR: Display Error: , Code: 404 URL: /espocrm4/api/v1/ICTExtention/57 [] []
[2017-12-05 08:41:26] Espo.ERROR: API [GET]:/:controller/:id, Params:Array (     [controller] => ICTExtention     [id] => 56 ) , InputData:  -  [] []
[2017-12-05 08:41:26] Espo.ERROR: Display Error: , Code: 404 URL: /espocrm4/api/v1/ICTExtention/56 [] []
[2017-12-05 08:41:29] Espo.ERROR: API [GET]:/:controller/:id, Params:Array (     [controller] => ICTExtention     [id] => 57 ) , InputData:  -  [] []
[2017-12-05 08:41:29] Espo.ERROR: Display Error: , Code: 404 URL: /espocrm4/api/v1/ICTExtention/57 [] []
[2017-12-05 08:41:37] Espo.ERROR: Uncaught Exception Error: "Class 'Espo\Modules\ICTExtention\Controllers\Error' not found" at /usr/ictcore/wwwroot/espocrm4/application/Espo/Modules/ICTExtention/Controllers/ICTExtention.php line 325 {"exception":"[object] (Error(code: 0): Class 'Espo\\Modules\\ICTExtention\\Controllers\\Error' not found at /usr/ictcore/wwwroot/espocrm4/application/Espo/Modules/ICTExtention/Controllers/ICTExtention.php:325)"} []
[2017-12-05 09:34:33] Espo.ERROR: Json::decode():Syntax error [] []
[2017-12-05 09:34:33] Espo.EMERGENCY: Syntax error in application/Espo/Modules/ICTExtention/Resources/i18n/en_US/Global.json [] []
[2017-12-05 09:34:33] Espo.ERROR: Json::decode():Syntax error [] []
[2017-12-05 09:34:33] Espo.EMERGENCY: Syntax error in application/Espo/Modules/ICTExtention/Resources/i18n/en_US/ICTExtention.json [] []
