[2017-12-02 09:26:16] Espo.ERROR: Uncaught Exception PDOException: "SQLSTATE[3D000]: Invalid catalog name: 1046 No database selected" at /usr/ictcore/wwwroot/espocrm4/application/Espo/ORM/DB/Mapper.php line 114 {"exception":"[object] (PDOException(code: 3D000): SQLSTATE[3D000]: Invalid catalog name: 1046 No database selected at /usr/ictcore/wwwroot/espocrm4/application/Espo/ORM/DB/Mapper.php:114)"} []
[2017-12-02 09:27:28] Espo.ERROR: Json::decode():Syntax error [] []
[2017-12-02 09:27:28] Espo.EMERGENCY: Syntax error in application/Espo/Modules/ICTExtention/Resources/i18n/en_US/Global.json [] []
[2017-12-02 09:27:28] Espo.ERROR: Json::decode():Syntax error [] []
[2017-12-02 09:27:28] Espo.EMERGENCY: Syntax error in application/Espo/Modules/ICTExtention/Resources/i18n/en_US/ICTExtention.json [] []
[2017-12-02 09:28:10] Espo.ERROR: Json::decode():Syntax error [] []
[2017-12-02 09:28:10] Espo.EMERGENCY: Syntax error in application/Espo/Modules/ICTBroadcastconfig/Resources/metadata/entityDefs/ICTBroadcastconfig.json [] []
[2017-12-02 09:28:11] Espo.ERROR: Json::decode():Syntax error [] []
[2017-12-02 09:28:11] Espo.EMERGENCY: Syntax error in application/Espo/Modules/ICTBroadcastconfig/Resources/metadata/entityDefs/ICTBroadcastconfig.json [] []
[2017-12-02 09:28:13] Espo.ERROR: Json::decode():Syntax error [] []
[2017-12-02 09:28:13] Espo.EMERGENCY: Syntax error in application/Espo/Modules/ICTBroadcastconfig/Resources/i18n/en_US/Global.json [] []
[2017-12-02 09:28:13] Espo.ERROR: Json::decode():Syntax error [] []
[2017-12-02 09:28:13] Espo.EMERGENCY: Syntax error in application/Espo/Modules/ICTBroadcastconfig/Resources/i18n/en_US/ICTBroadcast.json [] []
[2017-12-02 09:28:13] Espo.ERROR: Json::decode():Syntax error [] []
[2017-12-02 09:28:13] Espo.EMERGENCY: Syntax error in application/Espo/Modules/ICTExtention/Resources/i18n/en_US/Global.json [] []
[2017-12-02 09:28:13] Espo.ERROR: Json::decode():Syntax error [] []
[2017-12-02 09:28:13] Espo.EMERGENCY: Syntax error in application/Espo/Modules/ICTExtention/Resources/i18n/en_US/ICTExtention.json [] []
[2017-12-02 09:28:23] Espo.WARNING: E_WARNING: Invalid argument supplied for foreach() {"code":2,"message":"Invalid argument supplied for foreach()","file":"/usr/ictcore/wwwroot/espocrm4/application/Espo/Core/ORM/Repositories/RDB.php","line":115,"context":{"params":{"joins":[],"leftJoins":[],"whereClause":[],"customJoin":"","additionalSelectColumns":[],"joinConditions":[],"orderBy":"id","order":"DESC","offset":"0","limit":"20","maxTextColumnsLength":5000},"entityType":"ICTBroadcastconfig","metadata":"[object] (Espo\\Core\\Utils\\Metadata: {})","defs":null}} []
[2017-12-02 09:28:23] Espo.ERROR: Uncaught Exception TypeError: "Argument 1 passed to Espo\ORM\DB\Mapper::select() must implement interface Espo\ORM\IEntity, null given, called in /usr/ictcore/wwwroot/espocrm4/application/Espo/ORM/Repositories/RDB.php on line 187" at /usr/ictcore/wwwroot/espocrm4/application/Espo/ORM/DB/Mapper.php line 103 {"exception":"[object] (TypeError(code: 0): Argument 1 passed to Espo\\ORM\\DB\\Mapper::select() must implement interface Espo\\ORM\\IEntity, null given, called in /usr/ictcore/wwwroot/espocrm4/application/Espo/ORM/Repositories/RDB.php on line 187 at /usr/ictcore/wwwroot/espocrm4/application/Espo/ORM/DB/Mapper.php:103)"} []
[2017-12-02 09:29:42] Espo.ERROR: Json::decode():Syntax error [] []
[2017-12-02 09:29:42] Espo.EMERGENCY: Syntax error in application/Espo/Modules/ICTExtention/Resources/i18n/en_US/Global.json [] []
[2017-12-02 09:29:42] Espo.ERROR: Json::decode():Syntax error [] []
[2017-12-02 09:29:42] Espo.EMERGENCY: Syntax error in application/Espo/Modules/ICTExtention/Resources/i18n/en_US/ICTExtention.json [] []
[2017-12-02 09:34:01] Espo.ERROR: Json::decode():Syntax error [] []
[2017-12-02 09:34:01] Espo.EMERGENCY: Syntax error in application/Espo/Modules/ICTExtention/Resources/i18n/en_US/Global.json [] []
[2017-12-02 09:34:01] Espo.ERROR: Json::decode():Syntax error [] []
[2017-12-02 09:34:01] Espo.EMERGENCY: Syntax error in application/Espo/Modules/ICTExtention/Resources/i18n/en_US/ICTExtention.json [] []
[2017-12-02 09:46:46] Espo.ERROR: Json::decode():Syntax error [] []
[2017-12-02 09:46:46] Espo.EMERGENCY: Syntax error in application/Espo/Modules/ICTExtention/Resources/i18n/en_US/Global.json [] []
[2017-12-02 09:46:46] Espo.ERROR: Json::decode():Syntax error [] []
[2017-12-02 09:46:46] Espo.EMERGENCY: Syntax error in application/Espo/Modules/ICTExtention/Resources/i18n/en_US/ICTExtention.json [] []
[2017-12-02 09:47:23] Espo.WARNING: E_WARNING: Missing argument 1 for Espo\Core\Utils\Config::remove(), called in /usr/ictcore/wwwroot/espocrm4/data/.backup/extensions/5a22767b9f86e/scripts/AfterUninstall.php on line 15 and defined {"code":2,"message":"Missing argument 1 for Espo\\Core\\Utils\\Config::remove(), called in /usr/ictcore/wwwroot/espocrm4/data/.backup/extensions/5a22767b9f86e/scripts/AfterUninstall.php on line 15 and defined","file":"/usr/ictcore/wwwroot/espocrm4/application/Espo/Core/Utils/Config.php","line":150,"context":[]} []
[2017-12-02 09:53:53] Espo.ERROR: Json::decode():Syntax error [] []
[2017-12-02 09:53:53] Espo.EMERGENCY: Syntax error in application/Espo/Modules/ICTBroadcastconfig/Resources/metadata/entityDefs/ICTBroadcastconfig.json [] []
[2017-12-02 09:53:54] Espo.ERROR: Json::decode():Syntax error [] []
[2017-12-02 09:53:54] Espo.EMERGENCY: Syntax error in application/Espo/Modules/ICTBroadcastconfig/Resources/metadata/entityDefs/ICTBroadcastconfig.json [] []
[2017-12-02 09:53:57] Espo.ERROR: Json::decode():Syntax error [] []
[2017-12-02 09:53:57] Espo.EMERGENCY: Syntax error in application/Espo/Modules/ICTBroadcastconfig/Resources/i18n/en_US/Global.json [] []
[2017-12-02 09:53:57] Espo.ERROR: Json::decode():Syntax error [] []
[2017-12-02 09:53:57] Espo.EMERGENCY: Syntax error in application/Espo/Modules/ICTBroadcastconfig/Resources/i18n/en_US/ICTBroadcast.json [] []
[2017-12-02 09:53:57] Espo.ERROR: Json::decode():Syntax error [] []
[2017-12-02 09:53:57] Espo.EMERGENCY: Syntax error in application/Espo/Modules/ICTExtention/Resources/i18n/en_US/Global.json [] []
[2017-12-02 09:53:57] Espo.ERROR: Json::decode():Syntax error [] []
[2017-12-02 09:53:57] Espo.EMERGENCY: Syntax error in application/Espo/Modules/ICTExtention/Resources/i18n/en_US/ICTExtention.json [] []
[2017-12-02 09:57:03] Espo.WARNING: E_WARNING: Missing argument 1 for Espo\Core\Utils\Config::remove(), called in /usr/ictcore/wwwroot/espocrm4/data/.backup/extensions/5a2278307e524/scripts/AfterUninstall.php on line 15 and defined {"code":2,"message":"Missing argument 1 for Espo\\Core\\Utils\\Config::remove(), called in /usr/ictcore/wwwroot/espocrm4/data/.backup/extensions/5a2278307e524/scripts/AfterUninstall.php on line 15 and defined","file":"/usr/ictcore/wwwroot/espocrm4/application/Espo/Core/Utils/Config.php","line":150,"context":[]} []
[2017-12-02 10:00:15] Espo.ERROR: Json::decode():Syntax error [] []
[2017-12-02 10:00:15] Espo.EMERGENCY: Syntax error in application/Espo/Modules/ICTBroadcastconfig/Resources/metadata/entityDefs/ICTBroadcastconfig.json [] []
[2017-12-02 10:00:16] Espo.ERROR: Json::decode():Syntax error [] []
[2017-12-02 10:00:16] Espo.EMERGENCY: Syntax error in application/Espo/Modules/ICTBroadcastconfig/Resources/metadata/entityDefs/ICTBroadcastconfig.json [] []
[2017-12-02 10:00:18] Espo.ERROR: Json::decode():Syntax error [] []
[2017-12-02 10:00:18] Espo.EMERGENCY: Syntax error in application/Espo/Modules/ICTBroadcastconfig/Resources/i18n/en_US/Global.json [] []
[2017-12-02 10:00:18] Espo.ERROR: Json::decode():Syntax error [] []
[2017-12-02 10:00:18] Espo.EMERGENCY: Syntax error in application/Espo/Modules/ICTBroadcastconfig/Resources/i18n/en_US/ICTBroadcast.json [] []
[2017-12-02 10:00:18] Espo.ERROR: Json::decode():Syntax error [] []
[2017-12-02 10:00:18] Espo.EMERGENCY: Syntax error in application/Espo/Modules/ICTExtention/Resources/i18n/en_US/Global.json [] []
[2017-12-02 10:00:18] Espo.ERROR: Json::decode():Syntax error [] []
[2017-12-02 10:00:18] Espo.EMERGENCY: Syntax error in application/Espo/Modules/ICTExtention/Resources/i18n/en_US/ICTExtention.json [] []
[2017-12-02 10:00:23] Espo.WARNING: E_WARNING: Invalid argument supplied for foreach() {"code":2,"message":"Invalid argument supplied for foreach()","file":"/usr/ictcore/wwwroot/espocrm4/application/Espo/Core/ORM/Repositories/RDB.php","line":115,"context":{"params":{"joins":[],"leftJoins":[],"whereClause":[],"customJoin":"","additionalSelectColumns":[],"joinConditions":[],"orderBy":"id","order":"DESC","offset":"0","limit":"20","maxTextColumnsLength":5000},"entityType":"ICTBroadcastconfig","metadata":"[object] (Espo\\Core\\Utils\\Metadata: {})","defs":null}} []
[2017-12-02 10:00:23] Espo.ERROR: Uncaught Exception TypeError: "Argument 1 passed to Espo\ORM\DB\Mapper::select() must implement interface Espo\ORM\IEntity, null given, called in /usr/ictcore/wwwroot/espocrm4/application/Espo/ORM/Repositories/RDB.php on line 187" at /usr/ictcore/wwwroot/espocrm4/application/Espo/ORM/DB/Mapper.php line 103 {"exception":"[object] (TypeError(code: 0): Argument 1 passed to Espo\\ORM\\DB\\Mapper::select() must implement interface Espo\\ORM\\IEntity, null given, called in /usr/ictcore/wwwroot/espocrm4/application/Espo/ORM/Repositories/RDB.php on line 187 at /usr/ictcore/wwwroot/espocrm4/application/Espo/ORM/DB/Mapper.php:103)"} []
[2017-12-02 10:13:03] Espo.WARNING: E_WARNING: Missing argument 1 for Espo\Core\Utils\Config::remove(), called in /usr/ictcore/wwwroot/espocrm4/data/.backup/extensions/5a2279ae34e8f/scripts/AfterUninstall.php on line 21 and defined {"code":2,"message":"Missing argument 1 for Espo\\Core\\Utils\\Config::remove(), called in /usr/ictcore/wwwroot/espocrm4/data/.backup/extensions/5a2279ae34e8f/scripts/AfterUninstall.php on line 21 and defined","file":"/usr/ictcore/wwwroot/espocrm4/application/Espo/Core/Utils/Config.php","line":150,"context":[]} []
[2017-12-02 10:14:52] Espo.ERROR: Json::decode():Syntax error [] []
[2017-12-02 10:14:52] Espo.EMERGENCY: Syntax error in application/Espo/Modules/ICTBroadcastconfig/Resources/metadata/entityDefs/ICTBroadcastconfig.json [] []
[2017-12-02 10:14:52] Espo.ERROR: Json::decode():Syntax error [] []
[2017-12-02 10:14:52] Espo.EMERGENCY: Syntax error in application/Espo/Modules/ICTExtention/Resources/metadata/entityDefs/ICTExtention.json [] []
[2017-12-02 10:14:52] Espo.ERROR: Json::decode():Syntax error [] []
[2017-12-02 10:14:52] Espo.EMERGENCY: Syntax error in application/Espo/Modules/ICTBroadcastconfig/Resources/metadata/entityDefs/ICTBroadcastconfig.json [] []
[2017-12-02 10:14:52] Espo.ERROR: Json::decode():Syntax error [] []
[2017-12-02 10:14:52] Espo.EMERGENCY: Syntax error in application/Espo/Modules/ICTExtention/Resources/metadata/entityDefs/ICTExtention.json [] []
[2017-12-02 10:15:00] Espo.ERROR: Json::decode():Syntax error [] []
[2017-12-02 10:15:00] Espo.EMERGENCY: Syntax error in application/Espo/Modules/ICTBroadcastconfig/Resources/i18n/en_US/Global.json [] []
[2017-12-02 10:15:00] Espo.ERROR: Json::decode():Syntax error [] []
[2017-12-02 10:15:00] Espo.EMERGENCY: Syntax error in application/Espo/Modules/ICTBroadcastconfig/Resources/i18n/en_US/ICTBroadcast.json [] []
[2017-12-02 10:15:00] Espo.ERROR: Json::decode():Syntax error [] []
[2017-12-02 10:15:00] Espo.EMERGENCY: Syntax error in application/Espo/Modules/ICTExtention/Resources/i18n/en_US/Global.json [] []
[2017-12-02 10:15:00] Espo.ERROR: Json::decode():Syntax error [] []
[2017-12-02 10:15:00] Espo.EMERGENCY: Syntax error in application/Espo/Modules/ICTExtention/Resources/i18n/en_US/ICTExtention.json [] []
[2017-12-02 10:15:34] Espo.WARNING: E_WARNING: Invalid argument supplied for foreach() {"code":2,"message":"Invalid argument supplied for foreach()","file":"/usr/ictcore/wwwroot/espocrm4/application/Espo/Core/ORM/Repositories/RDB.php","line":115,"context":{"params":{"joins":[],"leftJoins":[],"whereClause":[],"customJoin":"\n            JOIN subscription ON\n                subscription.entity_type = 'ICTExtention' AND\n                subscription.entity_id = i_c_t_extention.id AND\n                subscription.user_id = '1'\n        ","additionalSelectColumns":[],"joinConditions":[],"orderBy":"id","order":"DESC","offset":"0","limit":"20","maxTextColumnsLength":5000},"entityType":"ICTExtention","metadata":"[object] (Espo\\Core\\Utils\\Metadata: {})","defs":null}} []
[2017-12-02 10:15:34] Espo.ERROR: Uncaught Exception TypeError: "Argument 1 passed to Espo\ORM\DB\Mapper::select() must implement interface Espo\ORM\IEntity, null given, called in /usr/ictcore/wwwroot/espocrm4/application/Espo/ORM/Repositories/RDB.php on line 187" at /usr/ictcore/wwwroot/espocrm4/application/Espo/ORM/DB/Mapper.php line 103 {"exception":"[object] (TypeError(code: 0): Argument 1 passed to Espo\\ORM\\DB\\Mapper::select() must implement interface Espo\\ORM\\IEntity, null given, called in /usr/ictcore/wwwroot/espocrm4/application/Espo/ORM/Repositories/RDB.php on line 187 at /usr/ictcore/wwwroot/espocrm4/application/Espo/ORM/DB/Mapper.php:103)"} []
