[2017-12-04 07:26:18] Espo.WARNING: E_WARNING: Invalid argument supplied for foreach() {"code":2,"message":"Invalid argument supplied for foreach()","file":"/usr/ictcore/wwwroot/espocrm4/application/Espo/Core/ORM/Repositories/RDB.php","line":115,"context":{"params":{"joins":[],"leftJoins":[],"whereClause":[],"customJoin":"","additionalSelectColumns":[],"joinConditions":[],"orderBy":"id","order":"DESC","offset":"0","limit":"20","maxTextColumnsLength":5000},"entityType":"ICTBroadcastconfig","metadata":"[object] (Espo\\Core\\Utils\\Metadata: {})","defs":null}} []
[2017-12-04 07:26:18] Espo.ERROR: Uncaught Exception TypeError: "Argument 1 passed to Espo\ORM\DB\Mapper::select() must implement interface Espo\ORM\IEntity, null given, called in /usr/ictcore/wwwroot/espocrm4/application/Espo/ORM/Repositories/RDB.php on line 187" at /usr/ictcore/wwwroot/espocrm4/application/Espo/ORM/DB/Mapper.php line 103 {"exception":"[object] (TypeError(code: 0): Argument 1 passed to Espo\\ORM\\DB\\Mapper::select() must implement interface Espo\\ORM\\IEntity, null given, called in /usr/ictcore/wwwroot/espocrm4/application/Espo/ORM/Repositories/RDB.php on line 187 at /usr/ictcore/wwwroot/espocrm4/application/Espo/ORM/DB/Mapper.php:103)"} []
[2017-12-04 07:26:20] Espo.WARNING: E_WARNING: Invalid argument supplied for foreach() {"code":2,"message":"Invalid argument supplied for foreach()","file":"/usr/ictcore/wwwroot/espocrm4/application/Espo/Core/ORM/Repositories/RDB.php","line":115,"context":{"params":{"joins":[],"leftJoins":[],"whereClause":[],"customJoin":"","additionalSelectColumns":[],"joinConditions":[],"orderBy":"id","order":"DESC","offset":"0","limit":"20","maxTextColumnsLength":5000},"entityType":"ICTExtention","metadata":"[object] (Espo\\Core\\Utils\\Metadata: {})","defs":null}} []
[2017-12-04 07:26:20] Espo.ERROR: Uncaught Exception TypeError: "Argument 1 passed to Espo\ORM\DB\Mapper::select() must implement interface Espo\ORM\IEntity, null given, called in /usr/ictcore/wwwroot/espocrm4/application/Espo/ORM/Repositories/RDB.php on line 187" at /usr/ictcore/wwwroot/espocrm4/application/Espo/ORM/DB/Mapper.php line 103 {"exception":"[object] (TypeError(code: 0): Argument 1 passed to Espo\\ORM\\DB\\Mapper::select() must implement interface Espo\\ORM\\IEntity, null given, called in /usr/ictcore/wwwroot/espocrm4/application/Espo/ORM/Repositories/RDB.php on line 187 at /usr/ictcore/wwwroot/espocrm4/application/Espo/ORM/DB/Mapper.php:103)"} []
[2017-12-04 07:26:35] Espo.WARNING: E_WARNING: Missing argument 1 for Espo\Core\Utils\Config::remove(), called in /usr/ictcore/wwwroot/espocrm4/data/.backup/extensions/5a227d1a5b9ba/scripts/AfterUninstall.php on line 21 and defined {"code":2,"message":"Missing argument 1 for Espo\\Core\\Utils\\Config::remove(), called in /usr/ictcore/wwwroot/espocrm4/data/.backup/extensions/5a227d1a5b9ba/scripts/AfterUninstall.php on line 21 and defined","file":"/usr/ictcore/wwwroot/espocrm4/application/Espo/Core/Utils/Config.php","line":150,"context":[]} []
[2017-12-04 07:27:11] Espo.ERROR: Json::decode():Syntax error [] []
[2017-12-04 07:27:11] Espo.EMERGENCY: Syntax error in application/Espo/Modules/ICTExtention/Resources/i18n/en_US/Global.json [] []
[2017-12-04 07:27:11] Espo.ERROR: Json::decode():Syntax error [] []
[2017-12-04 07:27:11] Espo.EMERGENCY: Syntax error in application/Espo/Modules/ICTExtention/Resources/i18n/en_US/ICTExtention.json [] []
[2017-12-04 09:24:12] Espo.ERROR: Uncaught Exception Error: "Cannot use object of type stdClass as array" at /usr/ictcore/wwwroot/espocrm4/application/Espo/Modules/ICTExtention/Controllers/ICTExtention.php line 236 {"exception":"[object] (Error(code: 0): Cannot use object of type stdClass as array at /usr/ictcore/wwwroot/espocrm4/application/Espo/Modules/ICTExtention/Controllers/ICTExtention.php:236)"} []
[2017-12-04 09:34:35] Espo.ERROR: Uncaught Exception Error: "Cannot use object of type stdClass as array" at /usr/ictcore/wwwroot/espocrm4/application/Espo/Modules/ICTExtention/Controllers/ICTExtention.php line 236 {"exception":"[object] (Error(code: 0): Cannot use object of type stdClass as array at /usr/ictcore/wwwroot/espocrm4/application/Espo/Modules/ICTExtention/Controllers/ICTExtention.php:236)"} []
[2017-12-04 09:43:38] Espo.ERROR: Json::decode():Syntax error [] []
[2017-12-04 09:43:38] Espo.EMERGENCY: Syntax error in application/Espo/Modules/ICTExtention/Resources/i18n/en_US/Global.json [] []
[2017-12-04 09:43:38] Espo.ERROR: Json::decode():Syntax error [] []
[2017-12-04 09:43:38] Espo.EMERGENCY: Syntax error in application/Espo/Modules/ICTExtention/Resources/i18n/en_US/ICTExtention.json [] []
[2017-12-04 09:43:48] Espo.ERROR: Uncaught Exception Error: "Cannot use object of type stdClass as array" at /usr/ictcore/wwwroot/espocrm4/application/Espo/Modules/ICTExtention/Controllers/ICTExtention.php line 236 {"exception":"[object] (Error(code: 0): Cannot use object of type stdClass as array at /usr/ictcore/wwwroot/espocrm4/application/Espo/Modules/ICTExtention/Controllers/ICTExtention.php:236)"} []
[2017-12-04 09:43:54] Espo.ERROR: Uncaught Exception Error: "Cannot use object of type stdClass as array" at /usr/ictcore/wwwroot/espocrm4/application/Espo/Modules/ICTExtention/Controllers/ICTExtention.php line 236 {"exception":"[object] (Error(code: 0): Cannot use object of type stdClass as array at /usr/ictcore/wwwroot/espocrm4/application/Espo/Modules/ICTExtention/Controllers/ICTExtention.php:236)"} []
[2017-12-04 09:48:13] Espo.ERROR: Uncaught Exception Error: "Cannot use object of type stdClass as array" at /usr/ictcore/wwwroot/espocrm4/application/Espo/Modules/ICTExtention/Controllers/ICTExtention.php line 236 {"exception":"[object] (Error(code: 0): Cannot use object of type stdClass as array at /usr/ictcore/wwwroot/espocrm4/application/Espo/Modules/ICTExtention/Controllers/ICTExtention.php:236)"} []
[2017-12-04 09:49:56] Espo.ERROR: Uncaught Exception Error: "Cannot use object of type stdClass as array" at /usr/ictcore/wwwroot/espocrm4/application/Espo/Modules/ICTExtention/Controllers/ICTExtention.php line 236 {"exception":"[object] (Error(code: 0): Cannot use object of type stdClass as array at /usr/ictcore/wwwroot/espocrm4/application/Espo/Modules/ICTExtention/Controllers/ICTExtention.php:236)"} []
[2017-12-04 09:50:27] Espo.ERROR: Json::decode():Syntax error [] []
[2017-12-04 09:50:27] Espo.EMERGENCY: Syntax error in application/Espo/Modules/ICTExtention/Resources/i18n/en_US/Global.json [] []
[2017-12-04 09:50:27] Espo.ERROR: Json::decode():Syntax error [] []
[2017-12-04 09:50:27] Espo.EMERGENCY: Syntax error in application/Espo/Modules/ICTExtention/Resources/i18n/en_US/ICTExtention.json [] []
[2017-12-04 09:50:31] Espo.ERROR: Uncaught Exception Error: "Cannot use object of type stdClass as array" at /usr/ictcore/wwwroot/espocrm4/application/Espo/Modules/ICTExtention/Controllers/ICTExtention.php line 236 {"exception":"[object] (Error(code: 0): Cannot use object of type stdClass as array at /usr/ictcore/wwwroot/espocrm4/application/Espo/Modules/ICTExtention/Controllers/ICTExtention.php:236)"} []
[2017-12-04 10:04:02] Espo.ERROR: Uncaught Exception Error: "Cannot use object of type stdClass as array" at /usr/ictcore/wwwroot/espocrm4/application/Espo/Modules/ICTExtention/Controllers/ICTExtention.php line 236 {"exception":"[object] (Error(code: 0): Cannot use object of type stdClass as array at /usr/ictcore/wwwroot/espocrm4/application/Espo/Modules/ICTExtention/Controllers/ICTExtention.php:236)"} []
[2017-12-04 10:14:11] Espo.ERROR: Json::decode():Syntax error [] []
[2017-12-04 10:14:11] Espo.EMERGENCY: Syntax error in application/Espo/Modules/ICTExtention/Resources/i18n/en_US/Global.json [] []
[2017-12-04 10:14:11] Espo.ERROR: Json::decode():Syntax error [] []
[2017-12-04 10:14:11] Espo.EMERGENCY: Syntax error in application/Espo/Modules/ICTExtention/Resources/i18n/en_US/ICTExtention.json [] []
[2017-12-04 10:25:30] Espo.ERROR: Json::decode():Syntax error [] []
[2017-12-04 10:25:30] Espo.EMERGENCY: Syntax error in application/Espo/Modules/ICTExtention/Resources/i18n/en_US/Global.json [] []
[2017-12-04 10:25:30] Espo.ERROR: Json::decode():Syntax error [] []
[2017-12-04 10:25:30] Espo.EMERGENCY: Syntax error in application/Espo/Modules/ICTExtention/Resources/i18n/en_US/ICTExtention.json [] []
[2017-12-04 10:26:54] Espo.ERROR: Json::decode():Syntax error [] []
[2017-12-04 10:26:54] Espo.EMERGENCY: Syntax error in application/Espo/Resources/metadata/integrations/IctBroadcastconfig.json [] []
[2017-12-04 10:26:54] Espo.ERROR: Json::decode():Syntax error [] []
[2017-12-04 10:26:54] Espo.EMERGENCY: Syntax error in application/Espo/Resources/metadata/integrations/IctBroadcastconfig.json [] []
[2017-12-04 10:26:55] Espo.ERROR: Json::decode():Syntax error [] []
[2017-12-04 10:26:55] Espo.EMERGENCY: Syntax error in application/Espo/Resources/metadata/integrations/IctBroadcastconfig.json [] []
[2017-12-04 10:26:55] Espo.ERROR: Json::decode():Syntax error [] []
[2017-12-04 10:26:55] Espo.EMERGENCY: Syntax error in application/Espo/Resources/metadata/integrations/IctBroadcastconfig.json [] []
[2017-12-04 10:26:55] Espo.ERROR: Json::decode():Syntax error [] []
[2017-12-04 10:26:55] Espo.EMERGENCY: Syntax error in application/Espo/Resources/metadata/integrations/IctBroadcastconfig.json [] []
[2017-12-04 10:26:55] Espo.ERROR: Json::decode():Syntax error [] []
[2017-12-04 10:26:55] Espo.EMERGENCY: Syntax error in application/Espo/Resources/metadata/integrations/IctBroadcastconfig.json [] []
[2017-12-04 10:26:55] Espo.ERROR: Json::decode():Syntax error [] []
[2017-12-04 10:26:55] Espo.EMERGENCY: Syntax error in application/Espo/Resources/metadata/integrations/IctBroadcastconfig.json [] []
[2017-12-04 10:26:56] Espo.ERROR: Json::decode():Syntax error [] []
[2017-12-04 10:26:56] Espo.EMERGENCY: Syntax error in application/Espo/Resources/metadata/integrations/IctBroadcastconfig.json [] []
[2017-12-04 10:26:57] Espo.ERROR: Json::decode():Syntax error [] []
[2017-12-04 10:26:57] Espo.EMERGENCY: Syntax error in application/Espo/Resources/metadata/integrations/IctBroadcastconfig.json [] []
[2017-12-04 10:26:59] Espo.ERROR: Json::decode():Syntax error [] []
[2017-12-04 10:26:59] Espo.EMERGENCY: Syntax error in application/Espo/Modules/ICTExtention/Resources/i18n/en_US/Global.json [] []
[2017-12-04 10:26:59] Espo.ERROR: Json::decode():Syntax error [] []
[2017-12-04 10:26:59] Espo.EMERGENCY: Syntax error in application/Espo/Modules/ICTExtention/Resources/i18n/en_US/ICTExtention.json [] []
[2017-12-04 10:27:31] Espo.ERROR: Json::decode():Syntax error [] []
[2017-12-04 10:27:31] Espo.EMERGENCY: Syntax error in application/Espo/Modules/ICTExtention/Resources/i18n/en_US/Global.json [] []
[2017-12-04 10:27:31] Espo.ERROR: Json::decode():Syntax error [] []
[2017-12-04 10:27:31] Espo.EMERGENCY: Syntax error in application/Espo/Modules/ICTExtention/Resources/i18n/en_US/ICTExtention.json [] []
[2017-12-04 10:28:33] Espo.ERROR: Json::decode():Syntax error [] []
[2017-12-04 10:28:33] Espo.EMERGENCY: Syntax error in application/Espo/Modules/ICTExtention/Resources/i18n/en_US/Global.json [] []
[2017-12-04 10:28:33] Espo.ERROR: Json::decode():Syntax error [] []
[2017-12-04 10:28:33] Espo.EMERGENCY: Syntax error in application/Espo/Modules/ICTExtention/Resources/i18n/en_US/ICTExtention.json [] []
[2017-12-04 10:29:07] Espo.ERROR: Json::decode():Syntax error [] []
[2017-12-04 10:29:07] Espo.EMERGENCY: Syntax error in application/Espo/Modules/ICTExtention/Resources/i18n/en_US/Global.json [] []
[2017-12-04 10:29:07] Espo.ERROR: Json::decode():Syntax error [] []
[2017-12-04 10:29:07] Espo.EMERGENCY: Syntax error in application/Espo/Modules/ICTExtention/Resources/i18n/en_US/ICTExtention.json [] []
[2017-12-04 10:35:48] Espo.WARNING: E_WARNING: Invalid argument supplied for foreach() {"code":2,"message":"Invalid argument supplied for foreach()","file":"/usr/ictcore/wwwroot/espocrm4/application/Espo/Modules/ICTExtention/Controllers/ICTExtention.php","line":241,"context":{"params":{"where":null,"offset":"0","maxSize":"20","asc":false,"sortBy":"createdAt","q":null,"textFilter":null},"data":"","request":"[object] (Slim\\Http\\Request: {\"headers\":{},\"cookies\":{}})","where":null,"offset":"0","maxSize":"20","asc":false,"sortBy":"createdAt","q":null,"textFilter":null,"result":null,"arguments":[],"i":0}} []
[2017-12-04 10:36:23] Espo.WARNING: E_WARNING: Invalid argument supplied for foreach() {"code":2,"message":"Invalid argument supplied for foreach()","file":"/usr/ictcore/wwwroot/espocrm4/application/Espo/Modules/ICTExtention/Controllers/ICTExtention.php","line":241,"context":{"params":{"where":null,"offset":"0","maxSize":"20","asc":false,"sortBy":"createdAt","q":null,"textFilter":null},"data":"","request":"[object] (Slim\\Http\\Request: {\"headers\":{},\"cookies\":{}})","where":null,"offset":"0","maxSize":"20","asc":false,"sortBy":"createdAt","q":null,"textFilter":null,"result":null,"arguments":[],"i":0}} []
[2017-12-04 10:37:51] Espo.ERROR: Json::decode():Syntax error [] []
[2017-12-04 10:37:51] Espo.EMERGENCY: Syntax error in application/Espo/Modules/ICTExtention/Resources/i18n/en_US/Global.json [] []
[2017-12-04 10:37:51] Espo.ERROR: Json::decode():Syntax error [] []
[2017-12-04 10:37:51] Espo.EMERGENCY: Syntax error in application/Espo/Modules/ICTExtention/Resources/i18n/en_US/ICTExtention.json [] []
[2017-12-04 10:37:55] Espo.ERROR: Uncaught Exception Error: "Call to a member function getRepository() on null" at /usr/ictcore/wwwroot/espocrm4/application/Espo/Modules/ICTExtention/Controllers/ICTExtention.php line 234 {"exception":"[object] (Error(code: 0): Call to a member function getRepository() on null at /usr/ictcore/wwwroot/espocrm4/application/Espo/Modules/ICTExtention/Controllers/ICTExtention.php:234)"} []
[2017-12-04 10:38:55] Espo.ERROR: Json::decode():Syntax error [] []
[2017-12-04 10:38:55] Espo.EMERGENCY: Syntax error in application/Espo/Modules/ICTExtention/Resources/i18n/en_US/Global.json [] []
[2017-12-04 10:38:55] Espo.ERROR: Json::decode():Syntax error [] []
[2017-12-04 10:38:55] Espo.EMERGENCY: Syntax error in application/Espo/Modules/ICTExtention/Resources/i18n/en_US/ICTExtention.json [] []
[2017-12-04 10:38:59] Espo.ERROR: Uncaught Exception Error: "Call to a member function getRepository() on null" at /usr/ictcore/wwwroot/espocrm4/application/Espo/Modules/ICTExtention/Controllers/ICTExtention.php line 234 {"exception":"[object] (Error(code: 0): Call to a member function getRepository() on null at /usr/ictcore/wwwroot/espocrm4/application/Espo/Modules/ICTExtention/Controllers/ICTExtention.php:234)"} []
[2017-12-04 10:40:57] Espo.ERROR: Json::decode():Syntax error [] []
[2017-12-04 10:40:57] Espo.EMERGENCY: Syntax error in application/Espo/Modules/ICTExtention/Resources/i18n/en_US/Global.json [] []
[2017-12-04 10:40:57] Espo.ERROR: Json::decode():Syntax error [] []
[2017-12-04 10:40:57] Espo.EMERGENCY: Syntax error in application/Espo/Modules/ICTExtention/Resources/i18n/en_US/ICTExtention.json [] []
[2017-12-04 10:43:41] Espo.ERROR: Json::decode():Syntax error [] []
[2017-12-04 10:43:41] Espo.EMERGENCY: Syntax error in application/Espo/Modules/ICTExtention/Resources/i18n/en_US/Global.json [] []
[2017-12-04 10:43:41] Espo.ERROR: Json::decode():Syntax error [] []
[2017-12-04 10:43:41] Espo.EMERGENCY: Syntax error in application/Espo/Modules/ICTExtention/Resources/i18n/en_US/ICTExtention.json [] []
[2017-12-04 10:43:44] Espo.ERROR: Uncaught Exception Error: "Call to undefined method Espo\Modules\ICTExtention\Controllers\ICTExtention::getRepository()" at /usr/ictcore/wwwroot/espocrm4/application/Espo/Modules/ICTExtention/Controllers/ICTExtention.php line 234 {"exception":"[object] (Error(code: 0): Call to undefined method Espo\\Modules\\ICTExtention\\Controllers\\ICTExtention::getRepository() at /usr/ictcore/wwwroot/espocrm4/application/Espo/Modules/ICTExtention/Controllers/ICTExtention.php:234)"} []
[2017-12-04 10:44:25] Espo.ERROR: Json::decode():Syntax error [] []
[2017-12-04 10:44:25] Espo.EMERGENCY: Syntax error in application/Espo/Modules/ICTExtention/Resources/i18n/en_US/Global.json [] []
[2017-12-04 10:44:25] Espo.ERROR: Json::decode():Syntax error [] []
[2017-12-04 10:44:25] Espo.EMERGENCY: Syntax error in application/Espo/Modules/ICTExtention/Resources/i18n/en_US/ICTExtention.json [] []
[2017-12-04 10:44:29] Espo.ERROR: Uncaught Exception Error: "Call to undefined method Espo\Modules\ICTExtention\Controllers\ICTExtention::getRepository()" at /usr/ictcore/wwwroot/espocrm4/application/Espo/Modules/ICTExtention/Controllers/ICTExtention.php line 234 {"exception":"[object] (Error(code: 0): Call to undefined method Espo\\Modules\\ICTExtention\\Controllers\\ICTExtention::getRepository() at /usr/ictcore/wwwroot/espocrm4/application/Espo/Modules/ICTExtention/Controllers/ICTExtention.php:234)"} []
[2017-12-04 10:46:03] Espo.ERROR: Json::decode():Syntax error [] []
[2017-12-04 10:46:03] Espo.EMERGENCY: Syntax error in application/Espo/Modules/ICTExtention/Resources/i18n/en_US/Global.json [] []
[2017-12-04 10:46:03] Espo.ERROR: Json::decode():Syntax error [] []
[2017-12-04 10:46:03] Espo.EMERGENCY: Syntax error in application/Espo/Modules/ICTExtention/Resources/i18n/en_US/ICTExtention.json [] []
[2017-12-04 10:48:03] Espo.ERROR: Json::decode():Syntax error [] []
[2017-12-04 10:48:03] Espo.EMERGENCY: Syntax error in application/Espo/Modules/ICTExtention/Resources/i18n/en_US/Global.json [] []
[2017-12-04 10:48:03] Espo.ERROR: Json::decode():Syntax error [] []
[2017-12-04 10:48:03] Espo.EMERGENCY: Syntax error in application/Espo/Modules/ICTExtention/Resources/i18n/en_US/ICTExtention.json [] []
[2017-12-04 10:48:06] Espo.WARNING: E_WARNING: Invalid argument supplied for foreach() {"code":2,"message":"Invalid argument supplied for foreach()","file":"/usr/ictcore/wwwroot/espocrm4/application/Espo/Core/ORM/Repositories/RDB.php","line":115,"context":{"params":[],"entityType":"integration","metadata":"[object] (Espo\\Core\\Utils\\Metadata: {})","defs":null}} []
[2017-12-04 10:48:06] Espo.ERROR: Uncaught Exception TypeError: "Argument 1 passed to Espo\ORM\DB\Mapper::select() must implement interface Espo\ORM\IEntity, null given, called in /usr/ictcore/wwwroot/espocrm4/application/Espo/ORM/Repositories/RDB.php on line 187" at /usr/ictcore/wwwroot/espocrm4/application/Espo/ORM/DB/Mapper.php line 103 {"exception":"[object] (TypeError(code: 0): Argument 1 passed to Espo\\ORM\\DB\\Mapper::select() must implement interface Espo\\ORM\\IEntity, null given, called in /usr/ictcore/wwwroot/espocrm4/application/Espo/ORM/Repositories/RDB.php on line 187 at /usr/ictcore/wwwroot/espocrm4/application/Espo/ORM/DB/Mapper.php:103)"} []
[2017-12-04 10:48:56] Espo.ERROR: Json::decode():Syntax error [] []
[2017-12-04 10:48:56] Espo.EMERGENCY: Syntax error in application/Espo/Modules/ICTExtention/Resources/i18n/en_US/Global.json [] []
[2017-12-04 10:48:56] Espo.ERROR: Json::decode():Syntax error [] []
[2017-12-04 10:48:56] Espo.EMERGENCY: Syntax error in application/Espo/Modules/ICTExtention/Resources/i18n/en_US/ICTExtention.json [] []
[2017-12-04 11:01:24] Espo.WARNING: E_WARNING: mkdir(): File exists {"code":2,"message":"mkdir(): File exists","file":"/usr/ictcore/wwwroot/espocrm4/application/Espo/Core/Utils/File/Manager.php","line":396,"context":{"path":"data/cache/application","permission":"509","recursive":true,"fullPath":"data/cache/application","defaultPermissions":{"dir":"0775","file":"0664","user":"","group":""}}} []
[2017-12-04 11:01:31] Espo.ERROR: Json::decode():Syntax error [] []
[2017-12-04 11:01:31] Espo.EMERGENCY: Syntax error in application/Espo/Modules/ICTExtention/Resources/i18n/en_US/Global.json [] []
[2017-12-04 11:01:31] Espo.ERROR: Json::decode():Syntax error [] []
[2017-12-04 11:01:31] Espo.EMERGENCY: Syntax error in application/Espo/Modules/ICTExtention/Resources/i18n/en_US/ICTExtention.json [] []
[2017-12-04 11:01:35] Espo.ERROR: Uncaught Exception Error: "Call to undefined function Espo\Modules\ICTExtention\Controllers\mysql_query()" at /usr/ictcore/wwwroot/espocrm4/application/Espo/Modules/ICTExtention/Controllers/ICTExtention.php line 236 {"exception":"[object] (Error(code: 0): Call to undefined function Espo\\Modules\\ICTExtention\\Controllers\\mysql_query() at /usr/ictcore/wwwroot/espocrm4/application/Espo/Modules/ICTExtention/Controllers/ICTExtention.php:236)"} []
[2017-12-04 11:08:39] Espo.ERROR: Json::decode():Syntax error [] []
[2017-12-04 11:08:39] Espo.EMERGENCY: Syntax error in application/Espo/Modules/ICTExtention/Resources/i18n/en_US/Global.json [] []
[2017-12-04 11:08:39] Espo.ERROR: Json::decode():Syntax error [] []
[2017-12-04 11:08:39] Espo.EMERGENCY: Syntax error in application/Espo/Modules/ICTExtention/Resources/i18n/en_US/ICTExtention.json [] []
[2017-12-04 11:08:43] Espo.ERROR: Uncaught Exception Error: "Call to a member function prepare() on null" at /usr/ictcore/wwwroot/espocrm4/application/Espo/Modules/ICTExtention/Controllers/ICTExtention.php line 236 {"exception":"[object] (Error(code: 0): Call to a member function prepare() on null at /usr/ictcore/wwwroot/espocrm4/application/Espo/Modules/ICTExtention/Controllers/ICTExtention.php:236)"} []
[2017-12-04 11:26:19] Espo.ERROR: Json::decode():Syntax error [] []
[2017-12-04 11:26:19] Espo.EMERGENCY: Syntax error in application/Espo/Modules/ICTExtention/Resources/i18n/en_US/Global.json [] []
[2017-12-04 11:26:19] Espo.ERROR: Json::decode():Syntax error [] []
[2017-12-04 11:26:19] Espo.EMERGENCY: Syntax error in application/Espo/Modules/ICTExtention/Resources/i18n/en_US/ICTExtention.json [] []
[2017-12-04 11:30:57] Espo.ERROR: Uncaught Exception TypeError: "Argument 1 passed to Espo\ORM\EntityManager::setMetadata() must be of the type array, integer given, called in /usr/ictcore/wwwroot/espocrm4/application/Espo/ORM/EntityManager.php on line 74" at /usr/ictcore/wwwroot/espocrm4/application/Espo/ORM/EntityManager.php line 184 {"exception":"[object] (TypeError(code: 0): Argument 1 passed to Espo\\ORM\\EntityManager::setMetadata() must be of the type array, integer given, called in /usr/ictcore/wwwroot/espocrm4/application/Espo/ORM/EntityManager.php on line 74 at /usr/ictcore/wwwroot/espocrm4/application/Espo/ORM/EntityManager.php:184)"} []
[2017-12-04 11:30:58] Espo.WARNING: E_WARNING: touch(): Unable to create file data/cache/application/services.php because No such file or directory {"code":2,"message":"touch(): Unable to create file data/cache/application/services.php because No such file or directory","file":"/usr/ictcore/wwwroot/espocrm4/application/Espo/Core/Utils/File/Manager.php","line":509,"context":{"filePath":"data/cache/application/services.php","defaultPermissions":{"dir":"0775","file":"0664","user":"","group":""},"pathParts":{"dirname":"data/cache/application","basename":"services.php","extension":"php","filename":"services"}}} []
[2017-12-04 11:30:58] Espo.WARNING: E_WARNING: touch(): Unable to create file data/cache/application/services.php because No such file or directory {"code":2,"message":"touch(): Unable to create file data/cache/application/services.php because No such file or directory","file":"/usr/ictcore/wwwroot/espocrm4/application/Espo/Core/Utils/File/Manager.php","line":509,"context":{"filePath":"data/cache/application/services.php","defaultPermissions":{"dir":"0775","file":"0664","user":"","group":""},"pathParts":{"dirname":"data/cache/application","basename":"services.php","extension":"php","filename":"services"}}} []
[2017-12-04 11:30:58] Espo.ERROR: API [GET]:/:controller/action/:action, Params:Array (     [controller] => Notification     [action] => notReadCount ) , InputData:  - Permission denied for data/cache/application/services.php [] []
[2017-12-04 11:30:58] Espo.ERROR: Display Error: Permission denied for data/cache/application/services.php, Code: 500 URL: /espocrm4/api/v1/Notification/action/notReadCount [] []
[2017-12-04 11:30:58] Espo.ERROR: API [GET]:/:controller/action/:action, Params:Array (     [controller] => Notification     [action] => notReadCount ) , InputData:  - Permission denied for data/cache/application/services.php [] []
[2017-12-04 11:30:58] Espo.ERROR: Display Error: Permission denied for data/cache/application/services.php, Code: 500 URL: /espocrm4/api/v1/Notification/action/notReadCount [] []
[2017-12-04 11:30:58] Espo.ERROR: Uncaught Exception ParseError: "syntax error, unexpected end of file" at /usr/ictcore/wwwroot/espocrm4/data/cache/application/metadata.php line 16128 {"exception":"[object] (ParseError(code: 0): syntax error, unexpected end of file at /usr/ictcore/wwwroot/espocrm4/data/cache/application/metadata.php:16128)"} []
[2017-12-04 11:31:09] Espo.ERROR: Json::decode():Syntax error [] []
[2017-12-04 11:31:09] Espo.EMERGENCY: Syntax error in application/Espo/Modules/ICTExtention/Resources/i18n/en_US/Global.json [] []
[2017-12-04 11:31:09] Espo.ERROR: Json::decode():Syntax error [] []
[2017-12-04 11:31:09] Espo.EMERGENCY: Syntax error in application/Espo/Modules/ICTExtention/Resources/i18n/en_US/ICTExtention.json [] []
[2017-12-04 11:31:14] Espo.ERROR: Uncaught Exception Error: "Cannot access protected property Espo\Entities\Integration::$fetchedValuesContainer" at /usr/ictcore/wwwroot/espocrm4/application/Espo/Modules/ICTExtention/Controllers/ICTExtention.php line 241 {"exception":"[object] (Error(code: 0): Cannot access protected property Espo\\Entities\\Integration::$fetchedValuesContainer at /usr/ictcore/wwwroot/espocrm4/application/Espo/Modules/ICTExtention/Controllers/ICTExtention.php:241)"} []
[2017-12-04 11:32:01] Espo.ERROR: Json::decode():Syntax error [] []
[2017-12-04 11:32:01] Espo.EMERGENCY: Syntax error in application/Espo/Modules/ICTExtention/Resources/i18n/en_US/Global.json [] []
[2017-12-04 11:32:01] Espo.ERROR: Json::decode():Syntax error [] []
[2017-12-04 11:32:01] Espo.EMERGENCY: Syntax error in application/Espo/Modules/ICTExtention/Resources/i18n/en_US/ICTExtention.json [] []
[2017-12-04 11:32:05] Espo.ERROR: Uncaught Exception Error: "Cannot use object of type Espo\Entities\Integration as array" at /usr/ictcore/wwwroot/espocrm4/application/Espo/Modules/ICTExtention/Controllers/ICTExtention.php line 241 {"exception":"[object] (Error(code: 0): Cannot use object of type Espo\\Entities\\Integration as array at /usr/ictcore/wwwroot/espocrm4/application/Espo/Modules/ICTExtention/Controllers/ICTExtention.php:241)"} []
[2017-12-04 11:33:06] Espo.ERROR: Json::decode():Syntax error [] []
[2017-12-04 11:33:06] Espo.EMERGENCY: Syntax error in application/Espo/Modules/ICTExtention/Resources/i18n/en_US/Global.json [] []
[2017-12-04 11:33:06] Espo.ERROR: Json::decode():Syntax error [] []
[2017-12-04 11:33:06] Espo.EMERGENCY: Syntax error in application/Espo/Modules/ICTExtention/Resources/i18n/en_US/ICTExtention.json [] []
[2017-12-04 11:33:10] Espo.ERROR: Uncaught Exception Error: "Cannot use object of type Espo\Entities\Integration as array" at /usr/ictcore/wwwroot/espocrm4/application/Espo/Modules/ICTExtention/Controllers/ICTExtention.php line 241 {"exception":"[object] (Error(code: 0): Cannot use object of type Espo\\Entities\\Integration as array at /usr/ictcore/wwwroot/espocrm4/application/Espo/Modules/ICTExtention/Controllers/ICTExtention.php:241)"} []
[2017-12-04 11:33:38] Espo.ERROR: Json::decode():Syntax error [] []
[2017-12-04 11:33:38] Espo.EMERGENCY: Syntax error in application/Espo/Modules/ICTExtention/Resources/i18n/en_US/Global.json [] []
[2017-12-04 11:33:38] Espo.ERROR: Json::decode():Syntax error [] []
[2017-12-04 11:33:38] Espo.EMERGENCY: Syntax error in application/Espo/Modules/ICTExtention/Resources/i18n/en_US/ICTExtention.json [] []
[2017-12-04 11:35:03] Espo.ERROR: Json::decode():Syntax error [] []
[2017-12-04 11:35:03] Espo.EMERGENCY: Syntax error in application/Espo/Modules/ICTExtention/Resources/i18n/en_US/Global.json [] []
[2017-12-04 11:35:03] Espo.ERROR: Json::decode():Syntax error [] []
[2017-12-04 11:35:03] Espo.EMERGENCY: Syntax error in application/Espo/Modules/ICTExtention/Resources/i18n/en_US/ICTExtention.json [] []
[2017-12-04 11:35:07] Espo.ERROR: Uncaught Exception Error: "Cannot access protected property Espo\Entities\Integration::$valuesContainer" at /usr/ictcore/wwwroot/espocrm4/application/Espo/Modules/ICTExtention/Controllers/ICTExtention.php line 241 {"exception":"[object] (Error(code: 0): Cannot access protected property Espo\\Entities\\Integration::$valuesContainer at /usr/ictcore/wwwroot/espocrm4/application/Espo/Modules/ICTExtention/Controllers/ICTExtention.php:241)"} []
[2017-12-04 11:36:21] Espo.ERROR: Json::decode():Syntax error [] []
[2017-12-04 11:36:21] Espo.EMERGENCY: Syntax error in application/Espo/Modules/ICTExtention/Resources/i18n/en_US/Global.json [] []
[2017-12-04 11:36:21] Espo.ERROR: Json::decode():Syntax error [] []
[2017-12-04 11:36:21] Espo.EMERGENCY: Syntax error in application/Espo/Modules/ICTExtention/Resources/i18n/en_US/ICTExtention.json [] []
[2017-12-04 11:36:24] Espo.ERROR: Uncaught Exception ParseError: "syntax error, unexpected ':', expecting ',' or ')'" at /usr/ictcore/wwwroot/espocrm4/application/Espo/Modules/ICTExtention/Controllers/ICTExtention.php line 241 {"exception":"[object] (ParseError(code: 0): syntax error, unexpected ':', expecting ',' or ')' at /usr/ictcore/wwwroot/espocrm4/application/Espo/Modules/ICTExtention/Controllers/ICTExtention.php:241)"} []
[2017-12-04 11:37:31] Espo.ERROR: Json::decode():Syntax error [] []
[2017-12-04 11:37:31] Espo.EMERGENCY: Syntax error in application/Espo/Modules/ICTExtention/Resources/i18n/en_US/Global.json [] []
[2017-12-04 11:37:31] Espo.ERROR: Json::decode():Syntax error [] []
[2017-12-04 11:37:31] Espo.EMERGENCY: Syntax error in application/Espo/Modules/ICTExtention/Resources/i18n/en_US/ICTExtention.json [] []
[2017-12-04 11:37:35] Espo.ERROR: Uncaught Exception Error: "Cannot access protected property Espo\Entities\Integration::$valuesContainer" at /usr/ictcore/wwwroot/espocrm4/application/Espo/Modules/ICTExtention/Controllers/ICTExtention.php line 241 {"exception":"[object] (Error(code: 0): Cannot access protected property Espo\\Entities\\Integration::$valuesContainer at /usr/ictcore/wwwroot/espocrm4/application/Espo/Modules/ICTExtention/Controllers/ICTExtention.php:241)"} []
[2017-12-04 11:38:16] Espo.ERROR: Json::decode():Syntax error [] []
[2017-12-04 11:38:16] Espo.EMERGENCY: Syntax error in application/Espo/Modules/ICTExtention/Resources/i18n/en_US/Global.json [] []
[2017-12-04 11:38:16] Espo.ERROR: Json::decode():Syntax error [] []
[2017-12-04 11:38:16] Espo.EMERGENCY: Syntax error in application/Espo/Modules/ICTExtention/Resources/i18n/en_US/ICTExtention.json [] []
[2017-12-04 11:38:58] Espo.ERROR: Json::decode():Syntax error [] []
[2017-12-04 11:38:58] Espo.EMERGENCY: Syntax error in application/Espo/Modules/ICTExtention/Resources/i18n/en_US/Global.json [] []
[2017-12-04 11:38:58] Espo.ERROR: Json::decode():Syntax error [] []
[2017-12-04 11:38:58] Espo.EMERGENCY: Syntax error in application/Espo/Modules/ICTExtention/Resources/i18n/en_US/ICTExtention.json [] []
[2017-12-04 11:39:04] Espo.ERROR: Uncaught Exception Error: "Cannot access protected property Espo\Entities\Integration::$entityType" at /usr/ictcore/wwwroot/espocrm4/application/Espo/Modules/ICTExtention/Controllers/ICTExtention.php line 241 {"exception":"[object] (Error(code: 0): Cannot access protected property Espo\\Entities\\Integration::$entityType at /usr/ictcore/wwwroot/espocrm4/application/Espo/Modules/ICTExtention/Controllers/ICTExtention.php:241)"} []
[2017-12-04 11:40:05] Espo.ERROR: Json::decode():Syntax error [] []
[2017-12-04 11:40:05] Espo.EMERGENCY: Syntax error in application/Espo/Modules/ICTExtention/Resources/i18n/en_US/Global.json [] []
[2017-12-04 11:40:05] Espo.ERROR: Json::decode():Syntax error [] []
[2017-12-04 11:40:05] Espo.EMERGENCY: Syntax error in application/Espo/Modules/ICTExtention/Resources/i18n/en_US/ICTExtention.json [] []
[2017-12-04 11:40:09] Espo.ERROR: Uncaught Exception Error: "Cannot access protected property Espo\Entities\Integration::$valuesContainer" at /usr/ictcore/wwwroot/espocrm4/application/Espo/Modules/ICTExtention/Controllers/ICTExtention.php line 241 {"exception":"[object] (Error(code: 0): Cannot access protected property Espo\\Entities\\Integration::$valuesContainer at /usr/ictcore/wwwroot/espocrm4/application/Espo/Modules/ICTExtention/Controllers/ICTExtention.php:241)"} []
[2017-12-04 11:53:02] Espo.ERROR: Json::decode():Syntax error [] []
[2017-12-04 11:53:02] Espo.EMERGENCY: Syntax error in application/Espo/Modules/ICTExtention/Resources/i18n/en_US/Global.json [] []
[2017-12-04 11:53:02] Espo.ERROR: Json::decode():Syntax error [] []
[2017-12-04 11:53:02] Espo.EMERGENCY: Syntax error in application/Espo/Modules/ICTExtention/Resources/i18n/en_US/ICTExtention.json [] []
[2017-12-04 11:53:07] Espo.ERROR: E_RECOVERABLE_ERROR: Object of class Espo\Modules\ICTExtention\Controllers\ICTExtention could not be converted to string {"code":4096,"message":"Object of class Espo\\Modules\\ICTExtention\\Controllers\\ICTExtention could not be converted to string","file":"/usr/ictcore/wwwroot/espocrm4/application/Espo/Modules/ICTExtention/Controllers/ICTExtention.php","line":241,"context":{"params":{"where":null,"offset":"0","maxSize":"20","asc":false,"sortBy":"createdAt","q":null,"textFilter":null},"data":"","request":"[object] (Slim\\Http\\Request: {\"headers\":{},\"cookies\":{}})","where":null,"offset":"0","maxSize":"20","asc":false,"sortBy":"createdAt","q":null,"textFilter":null,"result":{"total":0,"collection":[]},"entityManager":"[object] (Espo\\Core\\ORM\\EntityManager: {})","account":"[object] (Espo\\Entities\\Integration: {\"id\":\"IctBroadcastconfig\",\"fields\":{\"id\":{\"dbType\":\"varchar\",\"len\":24,\"type\":\"id\"},\"name\":{\"type\":\"varchar\",\"notStorable\":true},\"deleted\":{\"type\":\"bool\",\"default\":false},\"data\":{\"type\":\"jsonObject\"},\"enabled\":{\"type\":\"bool\",\"notNull\":true,\"default\":false}},\"relations\":[]})","this":"[object] (Espo\\Modules\\ICTExtention\\Controllers\\ICTExtention: {})"}} []
[2017-12-04 11:53:07] Espo.ERROR: Uncaught Exception Error: "Cannot access empty property" at /usr/ictcore/wwwroot/espocrm4/application/Espo/Modules/ICTExtention/Controllers/ICTExtention.php line 241 {"exception":"[object] (Error(code: 0): Cannot access empty property at /usr/ictcore/wwwroot/espocrm4/application/Espo/Modules/ICTExtention/Controllers/ICTExtention.php:241)"} []
[2017-12-04 11:53:46] Espo.ERROR: Json::decode():Syntax error [] []
[2017-12-04 11:53:46] Espo.EMERGENCY: Syntax error in application/Espo/Modules/ICTExtention/Resources/i18n/en_US/Global.json [] []
[2017-12-04 11:53:46] Espo.ERROR: Json::decode():Syntax error [] []
[2017-12-04 11:53:46] Espo.EMERGENCY: Syntax error in application/Espo/Modules/ICTExtention/Resources/i18n/en_US/ICTExtention.json [] []
[2017-12-04 11:53:50] Espo.ERROR: E_RECOVERABLE_ERROR: Object of class Espo\Entities\Integration could not be converted to string {"code":4096,"message":"Object of class Espo\\Entities\\Integration could not be converted to string","file":"/usr/ictcore/wwwroot/espocrm4/application/Espo/Modules/ICTExtention/Controllers/ICTExtention.php","line":241,"context":{"params":{"where":null,"offset":"0","maxSize":"20","asc":false,"sortBy":"createdAt","q":null,"textFilter":null},"data":"","request":"[object] (Slim\\Http\\Request: {\"headers\":{},\"cookies\":{}})","where":null,"offset":"0","maxSize":"20","asc":false,"sortBy":"createdAt","q":null,"textFilter":null,"result":{"total":0,"collection":[]},"entityManager":"[object] (Espo\\Core\\ORM\\EntityManager: {})","account":"[object] (Espo\\Entities\\Integration: {\"id\":\"IctBroadcastconfig\",\"fields\":{\"id\":{\"dbType\":\"varchar\",\"len\":24,\"type\":\"id\"},\"name\":{\"type\":\"varchar\",\"notStorable\":true},\"deleted\":{\"type\":\"bool\",\"default\":false},\"data\":{\"type\":\"jsonObject\"},\"enabled\":{\"type\":\"bool\",\"notNull\":true,\"default\":false}},\"relations\":[]})"}} []
[2017-12-04 11:53:50] Espo.ERROR: Uncaught Exception Error: "Cannot access empty property" at /usr/ictcore/wwwroot/espocrm4/application/Espo/Modules/ICTExtention/Controllers/ICTExtention.php line 241 {"exception":"[object] (Error(code: 0): Cannot access empty property at /usr/ictcore/wwwroot/espocrm4/application/Espo/Modules/ICTExtention/Controllers/ICTExtention.php:241)"} []
